<?xml version="1.0" encoding="UTF-8"?>
<robot generator="Robot 4.0.3 (Python 3.9.0 on win32)" generated="20241104 13:44:34.022" rpa="false" schemaversion="2">
<suite id="s1" name="Web Tests" source="D:\Yassir\AutomationTests\Tests\web_tests.robot">
<test id="s1-t1" name="Login Test">
<kw name="Open SauceDemo And Login" library="web_keywords">
<kw name="Open Browser" library="SeleniumLibrary">
<arg>${URL}</arg>
<arg>chrome</arg>
<doc>Opens a new browser instance to the optional ``url``.</doc>
<msg timestamp="20241104 13:44:34.244" level="INFO">Opening browser 'chrome' to base url 'https://www.saucedemo.com'.</msg>
<msg timestamp="20241104 13:44:36.637" level="INFO">@@@@@@@@@@@@@ chromedriver --port=56543</msg>
<status status="PASS" starttime="20241104 13:44:34.244" endtime="20241104 13:44:36.637"/>
</kw>
<kw name="Maximize Browser Window" library="SeleniumLibrary">
<doc>Maximizes current browser window.</doc>
<status status="PASS" starttime="20241104 13:44:36.637" endtime="20241104 13:44:36.671"/>
</kw>
<kw name="Input Text" library="SeleniumLibrary">
<arg>${input_username}</arg>
<arg>${USERNAME}</arg>
<doc>Types the given ``text`` into the text field identified by ``locator``.</doc>
<msg timestamp="20241104 13:44:36.671" level="INFO">Typing text 'standard_user' into text field 'id=user-name'.</msg>
<status status="PASS" starttime="20241104 13:44:36.671" endtime="20241104 13:44:36.817"/>
</kw>
<kw name="Input Text" library="SeleniumLibrary">
<arg>${input_password}</arg>
<arg>${PASSWORD}</arg>
<doc>Types the given ``text`` into the text field identified by ``locator``.</doc>
<msg timestamp="20241104 13:44:36.817" level="INFO">Typing text 'secret_sauce' into text field 'id=password'.</msg>
<status status="PASS" starttime="20241104 13:44:36.817" endtime="20241104 13:44:36.925"/>
</kw>
<kw name="Click Button" library="SeleniumLibrary">
<arg>${button_login}</arg>
<doc>Clicks the button identified by ``locator``.</doc>
<msg timestamp="20241104 13:44:36.925" level="INFO">Clicking button 'id=login-button'.</msg>
<status status="PASS" starttime="20241104 13:44:36.925" endtime="20241104 13:44:37.014"/>
</kw>
<status status="PASS" starttime="20241104 13:44:34.243" endtime="20241104 13:44:37.014"/>
</kw>
<kw name="Page Should Contain" library="SeleniumLibrary">
<arg>Products</arg>
<doc>Verifies that current page contains ``text``.</doc>
<msg timestamp="20241104 13:44:37.030" level="INFO">Current page contains text 'Products'.</msg>
<status status="PASS" starttime="20241104 13:44:37.015" endtime="20241104 13:44:37.030"/>
</kw>
<kw name="Close Browser" library="SeleniumLibrary">
<doc>Closes the current browser.</doc>
<status status="PASS" starttime="20241104 13:44:37.031" endtime="20241104 13:44:39.152"/>
</kw>
<doc>Verify successful login with valid credentials</doc>
<status status="PASS" starttime="20241104 13:44:34.228" endtime="20241104 13:44:39.152"/>
</test>
<test id="s1-t2" name="Add to Cart Test">
<kw name="Open SauceDemo And Login" library="web_keywords">
<kw name="Open Browser" library="SeleniumLibrary">
<arg>${URL}</arg>
<arg>chrome</arg>
<doc>Opens a new browser instance to the optional ``url``.</doc>
<msg timestamp="20241104 13:44:39.152" level="INFO">Opening browser 'chrome' to base url 'https://www.saucedemo.com'.</msg>
<msg timestamp="20241104 13:44:41.380" level="INFO">@@@@@@@@@@@@@ chromedriver --port=56574</msg>
<status status="PASS" starttime="20241104 13:44:39.152" endtime="20241104 13:44:41.380"/>
</kw>
<kw name="Maximize Browser Window" library="SeleniumLibrary">
<doc>Maximizes current browser window.</doc>
<status status="PASS" starttime="20241104 13:44:41.380" endtime="20241104 13:44:41.406"/>
</kw>
<kw name="Input Text" library="SeleniumLibrary">
<arg>${input_username}</arg>
<arg>${USERNAME}</arg>
<doc>Types the given ``text`` into the text field identified by ``locator``.</doc>
<msg timestamp="20241104 13:44:41.407" level="INFO">Typing text 'standard_user' into text field 'id=user-name'.</msg>
<status status="PASS" starttime="20241104 13:44:41.406" endtime="20241104 13:44:41.545"/>
</kw>
<kw name="Input Text" library="SeleniumLibrary">
<arg>${input_password}</arg>
<arg>${PASSWORD}</arg>
<doc>Types the given ``text`` into the text field identified by ``locator``.</doc>
<msg timestamp="20241104 13:44:41.545" level="INFO">Typing text 'secret_sauce' into text field 'id=password'.</msg>
<status status="PASS" starttime="20241104 13:44:41.545" endtime="20241104 13:44:41.659"/>
</kw>
<kw name="Click Button" library="SeleniumLibrary">
<arg>${button_login}</arg>
<doc>Clicks the button identified by ``locator``.</doc>
<msg timestamp="20241104 13:44:41.659" level="INFO">Clicking button 'id=login-button'.</msg>
<status status="PASS" starttime="20241104 13:44:41.659" endtime="20241104 13:44:41.749"/>
</kw>
<status status="PASS" starttime="20241104 13:44:39.152" endtime="20241104 13:44:41.749"/>
</kw>
<kw name="Add Item To Cart" library="web_keywords">
<arg>${item_name}</arg>
<kw name="Click Button" library="SeleniumLibrary">
<arg>${add_item}${item_id}</arg>
<doc>Clicks the button identified by ``locator``.</doc>
<msg timestamp="20241104 13:44:41.750" level="INFO">Clicking button 'id=add-to-cart-sauce-labs-backpack'.</msg>
<status status="PASS" starttime="20241104 13:44:41.750" endtime="20241104 13:44:41.824"/>
</kw>
<status status="PASS" starttime="20241104 13:44:41.750" endtime="20241104 13:44:41.824"/>
</kw>
<kw name="Page Should Contain" library="SeleniumLibrary">
<arg>1</arg>
<doc>Verifies that current page contains ``text``.</doc>
<msg timestamp="20241104 13:44:41.844" level="INFO">Current page contains text '1'.</msg>
<status status="PASS" starttime="20241104 13:44:41.825" endtime="20241104 13:44:41.844"/>
</kw>
<kw name="Clean Up" library="web_keywords">
<arg>${item_name}</arg>
<kw name="Click Button" library="SeleniumLibrary">
<arg>${remove_item}${item_id}</arg>
<doc>Clicks the button identified by ``locator``.</doc>
<msg timestamp="20241104 13:44:41.845" level="INFO">Clicking button 'id=remove-sauce-labs-backpack'.</msg>
<status status="PASS" starttime="20241104 13:44:41.845" endtime="20241104 13:44:41.920"/>
</kw>
<status status="PASS" starttime="20241104 13:44:41.845" endtime="20241104 13:44:41.920"/>
</kw>
<kw name="Close Browser" library="SeleniumLibrary">
<doc>Closes the current browser.</doc>
<status status="PASS" starttime="20241104 13:44:41.920" endtime="20241104 13:44:44.035"/>
</kw>
<doc>Verify that a product can be added to the cart</doc>
<status status="PASS" starttime="20241104 13:44:39.152" endtime="20241104 13:44:44.035"/>
</test>
<test id="s1-t3" name="Checkout Test">
<kw name="Open SauceDemo And Login" library="web_keywords">
<kw name="Open Browser" library="SeleniumLibrary">
<arg>${URL}</arg>
<arg>chrome</arg>
<doc>Opens a new browser instance to the optional ``url``.</doc>
<msg timestamp="20241104 13:44:44.035" level="INFO">Opening browser 'chrome' to base url 'https://www.saucedemo.com'.</msg>
<msg timestamp="20241104 13:44:46.286" level="INFO">@@@@@@@@@@@@@ chromedriver --port=56603</msg>
<status status="PASS" starttime="20241104 13:44:44.035" endtime="20241104 13:44:46.286"/>
</kw>
<kw name="Maximize Browser Window" library="SeleniumLibrary">
<doc>Maximizes current browser window.</doc>
<status status="PASS" starttime="20241104 13:44:46.286" endtime="20241104 13:44:46.319"/>
</kw>
<kw name="Input Text" library="SeleniumLibrary">
<arg>${input_username}</arg>
<arg>${USERNAME}</arg>
<doc>Types the given ``text`` into the text field identified by ``locator``.</doc>
<msg timestamp="20241104 13:44:46.320" level="INFO">Typing text 'standard_user' into text field 'id=user-name'.</msg>
<status status="PASS" starttime="20241104 13:44:46.319" endtime="20241104 13:44:46.464"/>
</kw>
<kw name="Input Text" library="SeleniumLibrary">
<arg>${input_password}</arg>
<arg>${PASSWORD}</arg>
<doc>Types the given ``text`` into the text field identified by ``locator``.</doc>
<msg timestamp="20241104 13:44:46.465" level="INFO">Typing text 'secret_sauce' into text field 'id=password'.</msg>
<status status="PASS" starttime="20241104 13:44:46.465" endtime="20241104 13:44:46.577"/>
</kw>
<kw name="Click Button" library="SeleniumLibrary">
<arg>${button_login}</arg>
<doc>Clicks the button identified by ``locator``.</doc>
<msg timestamp="20241104 13:44:46.577" level="INFO">Clicking button 'id=login-button'.</msg>
<status status="PASS" starttime="20241104 13:44:46.577" endtime="20241104 13:44:46.674"/>
</kw>
<status status="PASS" starttime="20241104 13:44:44.035" endtime="20241104 13:44:46.674"/>
</kw>
<kw name="Add Item To Cart" library="web_keywords">
<arg>${item_name}</arg>
<kw name="Click Button" library="SeleniumLibrary">
<arg>${add_item}${item_id}</arg>
<doc>Clicks the button identified by ``locator``.</doc>
<msg timestamp="20241104 13:44:46.674" level="INFO">Clicking button 'id=add-to-cart-sauce-labs-backpack'.</msg>
<status status="PASS" starttime="20241104 13:44:46.674" endtime="20241104 13:44:46.734"/>
</kw>
<status status="PASS" starttime="20241104 13:44:46.674" endtime="20241104 13:44:46.734"/>
</kw>
<kw name="Checkout Process" library="web_keywords">
<kw name="Click Element" library="SeleniumLibrary">
<arg>${button_shopping_cart}</arg>
<doc>Click the element identified by ``locator``.</doc>
<msg timestamp="20241104 13:44:46.734" level="INFO">Clicking element 'id=shopping_cart_container'.</msg>
<status status="PASS" starttime="20241104 13:44:46.734" endtime="20241104 13:44:46.791"/>
</kw>
<kw name="Click Button" library="SeleniumLibrary">
<arg>${button_checkout}</arg>
<doc>Clicks the button identified by ``locator``.</doc>
<msg timestamp="20241104 13:44:46.791" level="INFO">Clicking button 'id=checkout'.</msg>
<status status="PASS" starttime="20241104 13:44:46.791" endtime="20241104 13:44:46.855"/>
</kw>
<kw name="Input Text" library="SeleniumLibrary">
<arg>${input_first_name}</arg>
<arg>John</arg>
<doc>Types the given ``text`` into the text field identified by ``locator``.</doc>
<msg timestamp="20241104 13:44:46.855" level="INFO">Typing text 'John' into text field 'id=first-name'.</msg>
<status status="PASS" starttime="20241104 13:44:46.855" endtime="20241104 13:44:46.937"/>
</kw>
<kw name="Input Text" library="SeleniumLibrary">
<arg>${input_last_name}</arg>
<arg>Doe</arg>
<doc>Types the given ``text`` into the text field identified by ``locator``.</doc>
<msg timestamp="20241104 13:44:46.937" level="INFO">Typing text 'Doe' into text field 'id=last-name'.</msg>
<status status="PASS" starttime="20241104 13:44:46.937" endtime="20241104 13:44:47.033"/>
</kw>
<kw name="Input Text" library="SeleniumLibrary">
<arg>${input_postal_code}</arg>
<arg>12345</arg>
<doc>Types the given ``text`` into the text field identified by ``locator``.</doc>
<msg timestamp="20241104 13:44:47.034" level="INFO">Typing text '12345' into text field 'id=postal-code'.</msg>
<status status="PASS" starttime="20241104 13:44:47.034" endtime="20241104 13:44:47.124"/>
</kw>
<kw name="Click Button" library="SeleniumLibrary">
<arg>${button_continue}</arg>
<doc>Clicks the button identified by ``locator``.</doc>
<msg timestamp="20241104 13:44:47.124" level="INFO">Clicking button 'id=continue'.</msg>
<status status="PASS" starttime="20241104 13:44:47.124" endtime="20241104 13:44:47.194"/>
</kw>
<status status="PASS" starttime="20241104 13:44:46.734" endtime="20241104 13:44:47.194"/>
</kw>
<kw name="Page Should Contain" library="SeleniumLibrary">
<arg>Checkout: Overview</arg>
<doc>Verifies that current page contains ``text``.</doc>
<msg timestamp="20241104 13:44:47.211" level="INFO">Current page contains text 'Checkout: Overview'.</msg>
<status status="PASS" starttime="20241104 13:44:47.194" endtime="20241104 13:44:47.211"/>
</kw>
<kw name="Close Browser" library="SeleniumLibrary">
<doc>Closes the current browser.</doc>
<status status="PASS" starttime="20241104 13:44:47.211" endtime="20241104 13:44:49.336"/>
</kw>
<doc>Verify the checkout process</doc>
<status status="PASS" starttime="20241104 13:44:44.035" endtime="20241104 13:44:49.336"/>
</test>
<status status="PASS" starttime="20241104 13:44:34.022" endtime="20241104 13:44:49.336"/>
</suite>
<statistics>
<total>
<stat pass="3" fail="0" skip="0">All Tests</stat>
</total>
<tag>
</tag>
<suite>
<stat pass="3" fail="0" skip="0" id="s1" name="Web Tests">Web Tests</stat>
</suite>
</statistics>
<errors>
</errors>
</robot>
